<?xml version="1.0" encoding="UTF-8"?>
<!-- Generated by org.testng.reporters.JUnitXMLReporter -->
<testsuite ignored="0" hostname="LAPTOP-LPR232VR" failures="0" tests="0" name="Test-2" time="9.924" errors="0" timestamp="2024-06-22T16:46:38 IST">
</testsuite> <!-- Test-2 -->
