<?xml version="1.0" encoding="UTF-8"?>
<!-- Generated by org.testng.reporters.JUnitXMLReporter -->
<testsuite ignored="2" hostname="LAPTOP-LPR232VR" failures="1" tests="1" name="Test-3" time="19.154" errors="0" timestamp="2024-06-22T16:35:45 IST">
  <testcase classname="com.comcast.crm.orgtest.CreateOrganizationTest" name="CreateOrganizationWithIndustryTest" time="0.0">
    <failure type="java.lang.NullPointerException" message="Cannot invoke &amp;quot;com.aventstack.extentreports.ExtentReports.createTest(String)&amp;quot; because &amp;quot;this.report&amp;quot; is null">
      <![CDATA[java.lang.NullPointerException: Cannot invoke "com.aventstack.extentreports.ExtentReports.createTest(String)" because "this.report" is null
at com.comcast.crm.listnerutility.ListenerImplementation.onTestStart(ListenerImplementation.java:61)
at java.base/java.util.ArrayList.forEach(ArrayList.java:1511)
at java.base/java.util.concurrent.FutureTask.run(FutureTask.java:264)
at java.base/java.util.concurrent.ThreadPoolExecutor.runWorker(ThreadPoolExecutor.java:1136)
at java.base/java.util.concurrent.ThreadPoolExecutor$Worker.run(ThreadPoolExecutor.java:635)
at java.base/java.lang.Thread.run(Thread.java:842)
... Removed 15 stack frames]]>
    </failure>
  </testcase> <!-- CreateOrganizationWithIndustryTest -->
  <testcase classname="com.comcast.crm.orgtest.CreateOrganizationTest" name="CreateOrganizationWithPhoneNumberTest" time="0.0">
    <ignored/>
  </testcase> <!-- CreateOrganizationWithPhoneNumberTest -->
  <testcase classname="com.comcast.crm.orgtest.CreateOrganizationTest" name="CreateOrganizationTest" time="0.0">
    <ignored/>
  </testcase> <!-- CreateOrganizationTest -->
</testsuite> <!-- Test-3 -->
