<?xml version="1.0" encoding="UTF-8"?>
<!-- Generated by org.testng.reporters.JUnitReportReporter -->
<testsuite hostname="LAPTOP-LPR232VR" failures="0" tests="3" name="com.comcast.crm.contacttest.CreateContactTest" time="75.717" errors="0" timestamp="2024-06-22T16:50:56 IST" skipped="0">
  <testcase classname="com.comcast.crm.contacttest.CreateContactTest" name="createContactTest" time="17.593"/>
  <system-out/>
  <testcase classname="com.comcast.crm.contacttest.CreateContactTest" name="createContactWithSupportDateTest" time="20.225"/>
  <system-out/>
  <testcase classname="com.comcast.crm.contacttest.CreateContactTest" name="CreateContactWithOrgIntegTest" time="37.899"/>
  <system-out/>
</testsuite> <!-- com.comcast.crm.contacttest.CreateContactTest -->
