<?xml version="1.0" encoding="UTF-8"?>
<!-- Generated by org.testng.reporters.JUnitReportReporter -->
<testsuite hostname="LAPTOP-LPR232VR" failures="0" tests="3" name="practice.Test.GetProductInfoTest" time="22.312" errors="0" timestamp="2024-06-11T09:39:10 IST" skipped="0">
  <testcase classname="practice.Test.GetProductInfoTest" name="getProductInfoTest" time="7.370"/>
  <system-out/>
  <testcase classname="practice.Test.GetProductInfoTest" name="getProductInfoTest" time="7.092"/>
  <system-out/>
  <testcase classname="practice.Test.GetProductInfoTest" name="getProductInfoTest" time="7.850"/>
  <system-out/>
</testsuite> <!-- practice.Test.GetProductInfoTest -->
