<?xml version="1.0" encoding="UTF-8"?>
<!-- Generated by org.testng.reporters.JUnitReportReporter -->
<testsuite hostname="LAPTOP-LPR232VR" failures="0" tests="1" name="com.comcast.crm.orgtest.CreateOrganizationTest" time="15.163" errors="0" timestamp="2024-06-24T10:27:23 IST" skipped="0">
  <testcase classname="com.comcast.crm.orgtest.CreateOrganizationTest" name="CreateOrganizationTest" time="15.163"/>
  <system-out/>
</testsuite> <!-- com.comcast.crm.orgtest.CreateOrganizationTest -->
